mode: set
crud-books/handlers/handlers.go:35.57,38.16 3 1
crud-books/handlers/handlers.go:38.16,40.3 1 0
crud-books/handlers/handlers.go:42.2,45.19 3 1
crud-books/handlers/handlers.go:45.19,47.3 1 0
crud-books/handlers/handlers.go:49.2,51.16 3 1
crud-books/handlers/handlers.go:51.16,53.3 1 0
crud-books/handlers/handlers.go:54.2,57.16 3 1
crud-books/handlers/handlers.go:57.16,59.3 1 0
crud-books/handlers/handlers.go:61.2,63.4 1 1
crud-books/handlers/handlers.go:66.55,68.17 2 1
crud-books/handlers/handlers.go:68.17,70.3 1 1
crud-books/handlers/handlers.go:71.2,72.9 2 1
crud-books/handlers/handlers.go:72.9,74.3 1 0
crud-books/handlers/handlers.go:75.2,76.9 2 1
crud-books/handlers/handlers.go:76.9,78.3 1 0
crud-books/handlers/handlers.go:79.2,80.18 2 1
crud-books/handlers/handlers.go:80.18,82.3 1 0
crud-books/handlers/handlers.go:83.2,83.20 1 1
crud-books/handlers/handlers.go:86.57,89.16 3 1
crud-books/handlers/handlers.go:89.16,91.3 1 0
crud-books/handlers/handlers.go:93.2,94.16 2 1
crud-books/handlers/handlers.go:94.16,96.3 1 0
crud-books/handlers/handlers.go:98.2,99.16 2 1
crud-books/handlers/handlers.go:99.16,101.3 1 0
crud-books/handlers/handlers.go:103.2,104.16 2 1
crud-books/handlers/handlers.go:104.16,106.3 1 0
crud-books/handlers/handlers.go:107.2,107.43 1 1
crud-books/handlers/handlers.go:110.54,114.16 4 1
crud-books/handlers/handlers.go:114.16,116.3 1 0
crud-books/handlers/handlers.go:118.2,118.40 1 1
crud-books/handlers/handlers.go:121.104,131.16 5 1
crud-books/handlers/handlers.go:131.16,133.3 1 0
crud-books/handlers/handlers.go:135.2,136.16 2 1
crud-books/handlers/handlers.go:136.16,138.3 1 1
crud-books/handlers/handlers.go:140.2,147.31 2 1
crud-books/handlers/handlers.go:150.82,152.16 2 1
crud-books/handlers/handlers.go:152.16,154.3 1 0
crud-books/handlers/handlers.go:156.2,157.16 2 1
crud-books/handlers/handlers.go:157.16,159.3 1 0
crud-books/handlers/handlers.go:161.2,161.19 1 1
crud-books/handlers/handlers.go:165.98,167.16 2 1
crud-books/handlers/handlers.go:167.16,169.3 1 0
crud-books/handlers/handlers.go:171.2,172.16 2 1
crud-books/handlers/handlers.go:172.16,174.3 1 0
crud-books/handlers/handlers.go:176.2,177.16 2 1
crud-books/handlers/handlers.go:177.16,179.3 1 0
crud-books/handlers/handlers.go:181.2,181.19 1 1
crud-books/handlers/handlers.go:185.54,187.16 2 1
crud-books/handlers/handlers.go:187.16,189.17 2 1
crud-books/handlers/handlers.go:189.17,191.4 1 0
crud-books/handlers/handlers.go:193.3,193.38 1 1
crud-books/handlers/handlers.go:195.2,196.16 2 1
crud-books/handlers/handlers.go:196.16,198.3 1 0
crud-books/handlers/handlers.go:200.2,200.37 1 1
crud-books/handlers/handlers.go:203.53,206.16 3 1
crud-books/handlers/handlers.go:206.16,208.3 1 0
crud-books/handlers/handlers.go:210.2,211.16 2 1
crud-books/handlers/handlers.go:211.16,213.3 1 0
crud-books/handlers/handlers.go:215.2,219.4 2 1
crud-books/handlers/handlers.go:222.53,225.16 3 1
crud-books/handlers/handlers.go:225.16,227.3 1 0
crud-books/handlers/handlers.go:228.2,229.16 2 1
crud-books/handlers/handlers.go:229.16,231.3 1 0
crud-books/handlers/handlers.go:233.2,237.4 2 1
crud-books/handlers/handlers.go:240.57,246.16 5 1
crud-books/handlers/handlers.go:246.16,248.3 1 0
crud-books/handlers/handlers.go:250.2,251.16 2 1
crud-books/handlers/handlers.go:251.16,253.3 1 0
crud-books/handlers/handlers.go:255.2,255.67 1 1
crud-books/handlers/handlers.go:258.57,263.16 4 1
crud-books/handlers/handlers.go:263.16,265.3 1 0
crud-books/handlers/handlers.go:267.2,267.34 1 1
crud-books/handlers/handlers.go:270.46,274.2 1 1
crud-books/services/services.go:52.121,60.49 6 1
crud-books/services/services.go:60.49,62.3 1 1
crud-books/services/services.go:62.8,62.33 1 1
crud-books/services/services.go:62.33,64.3 1 1
crud-books/services/services.go:64.8,64.32 1 1
crud-books/services/services.go:64.32,66.3 1 1
crud-books/services/services.go:68.2,68.47 1 1
crud-books/services/services.go:68.47,70.3 1 1
crud-books/services/services.go:70.8,70.31 1 1
crud-books/services/services.go:70.31,72.3 1 1
crud-books/services/services.go:72.8,72.32 1 0
crud-books/services/services.go:72.32,74.3 1 0
crud-books/services/services.go:76.2,76.33 1 1
crud-books/services/services.go:76.33,78.3 1 1
crud-books/services/services.go:80.2,80.29 1 1
crud-books/services/services.go:80.29,82.3 1 0
crud-books/services/services.go:84.2,84.13 1 1
crud-books/services/services.go:87.69,89.16 2 1
crud-books/services/services.go:89.16,91.3 1 0
crud-books/services/services.go:92.2,93.16 2 1
crud-books/services/services.go:93.16,95.3 1 0
crud-books/services/services.go:96.2,97.16 2 1
crud-books/services/services.go:97.16,99.3 1 0
crud-books/services/services.go:101.2,101.20 1 1
crud-books/services/services.go:104.69,106.16 2 1
crud-books/services/services.go:106.16,108.3 1 0
crud-books/services/services.go:110.2,111.16 2 1
crud-books/services/services.go:111.16,113.3 1 0
crud-books/services/services.go:115.2,116.16 2 1
crud-books/services/services.go:116.16,118.3 1 0
crud-books/services/services.go:120.2,120.22 1 1
crud-books/services/services.go:123.80,125.16 2 1
crud-books/services/services.go:125.16,127.3 1 0
crud-books/services/services.go:128.2,128.20 1 1
crud-books/services/services.go:131.95,133.16 2 1
crud-books/services/services.go:133.16,135.3 1 0
crud-books/services/services.go:137.2,137.23 1 1
crud-books/services/services.go:140.76,142.16 2 1
crud-books/services/services.go:142.16,144.3 1 0
crud-books/services/services.go:146.2,147.16 2 1
crud-books/services/services.go:147.16,149.3 1 0
crud-books/services/services.go:151.2,152.16 2 1
crud-books/services/services.go:152.16,154.3 1 0
crud-books/services/services.go:155.2,155.28 1 1
crud-books/services/services.go:158.78,160.16 2 1
crud-books/services/services.go:160.16,162.3 1 0
crud-books/services/services.go:163.2,167.8 1 1
crud-books/services/services.go:170.99,173.32 3 1
crud-books/services/services.go:173.32,175.17 2 0
crud-books/services/services.go:175.17,177.4 1 0
crud-books/services/services.go:178.3,178.19 1 0
crud-books/services/services.go:180.2,180.32 1 1
crud-books/services/services.go:180.32,182.17 2 1
crud-books/services/services.go:182.17,184.4 1 0
crud-books/services/services.go:185.3,185.19 1 1
crud-books/services/services.go:187.2,187.20 1 1
crud-books/services/services.go:190.90,192.16 2 0
crud-books/services/services.go:192.16,194.3 1 0
crud-books/services/services.go:195.2,195.12 1 0
crud-books/services/services.go:198.51,200.16 2 0
crud-books/services/services.go:200.16,202.3 1 0
crud-books/services/services.go:203.2,203.12 1 0
crud-books/services/services.go:206.77,213.2 1 1
crud-books/storageService/gofile.go:72.107,73.17 1 1
crud-books/storageService/gofile.go:73.17,75.3 1 0
crud-books/storageService/gofile.go:76.2,77.16 2 1
crud-books/storageService/gofile.go:77.16,79.3 1 0
crud-books/storageService/gofile.go:81.2,81.32 1 1
crud-books/storageService/gofile.go:81.32,85.3 3 0
crud-books/storageService/gofile.go:87.2,87.17 1 1
crud-books/storageService/gofile.go:90.54,97.16 2 1
crud-books/storageService/gofile.go:97.16,99.3 1 0
crud-books/storageService/gofile.go:101.2,102.16 2 1
crud-books/storageService/gofile.go:102.16,104.3 1 0
crud-books/storageService/gofile.go:106.2,107.16 2 1
crud-books/storageService/gofile.go:107.16,109.3 1 0
crud-books/storageService/gofile.go:111.2,113.16 3 1
crud-books/storageService/gofile.go:113.16,115.3 1 0
crud-books/storageService/gofile.go:117.2,119.27 2 1
crud-books/storageService/gofile.go:122.81,127.2 4 1
crud-books/storageService/gofile.go:129.106,135.16 5 1
crud-books/storageService/gofile.go:135.16,137.3 1 0
crud-books/storageService/gofile.go:139.2,140.16 2 1
crud-books/storageService/gofile.go:140.16,142.3 1 0
crud-books/storageService/gofile.go:144.2,145.16 2 1
crud-books/storageService/gofile.go:145.16,147.3 1 0
crud-books/storageService/gofile.go:149.2,150.16 2 1
crud-books/storageService/gofile.go:150.16,152.3 1 0
crud-books/storageService/gofile.go:154.2,154.48 1 1
crud-books/storageService/gofile.go:157.107,159.16 2 1
crud-books/storageService/gofile.go:159.16,161.3 1 0
crud-books/storageService/gofile.go:163.2,169.16 2 1
crud-books/storageService/gofile.go:169.16,171.3 1 0
crud-books/storageService/gofile.go:173.2,176.16 3 1
crud-books/storageService/gofile.go:176.16,178.3 1 0
crud-books/storageService/gofile.go:180.2,181.16 2 1
crud-books/storageService/gofile.go:181.16,183.3 1 0
crud-books/storageService/gofile.go:184.2,188.16 4 1
crud-books/storageService/gofile.go:188.16,190.3 1 0
crud-books/storageService/gofile.go:192.2,192.47 1 1
crud-books/storageService/gofile.go:192.47,194.3 1 0
crud-books/storageService/gofile.go:196.2,199.8 1 1
crud-books/storageService/gofile.go:202.53,208.16 3 1
crud-books/storageService/gofile.go:208.16,210.3 1 0
crud-books/storageService/gofile.go:212.2,218.16 2 1
crud-books/storageService/gofile.go:218.16,220.3 1 0
crud-books/storageService/gofile.go:222.2,225.16 3 1
crud-books/storageService/gofile.go:225.16,227.3 1 0
crud-books/storageService/gofile.go:229.2,229.12 1 1
crud-books/storageService/gofile.go:232.38,240.2 2 1
